<?xml version="1.0" encoding="UTF-8"?>
<!-- Generated by org.testng.reporters.JUnitReportReporter -->
<testsuite hostname="DESKTOP-V5UJJLP" failures="0" tests="1" name="testCases.TC_LoginTest_001" time="48.129" errors="0" timestamp="2022-07-15T21:10:46 BDT" skipped="0">
  <testcase classname="testCases.TC_LoginTest_001" name="LoginTest" time="48.129"/>
  <system-out/>
</testsuite> <!-- testCases.TC_LoginTest_001 -->
